<?xml version="1.0" encoding="UTF-8"?>
<!-- Generated by org.testng.reporters.JUnitReportReporter -->
<testsuite hostname="Sohel-MLBDs-MacBook-Pro.local" name="tests.addnewmember_test" tests="1" failures="0" timestamp="21 Mar 2021 06:41:35 GMT" time="42.291" errors="0">
  <testcase name="addmember" time="42.291" classname="tests.addnewmember_test"/>
</testsuite> <!-- tests.addnewmember_test -->
