<?xml version="1.0" encoding="UTF-8"?>
<!-- Generated by org.testng.reporters.JUnitReportReporter -->
<testsuite hostname="Sohel-MLBDs-MacBook-Pro.local" name="tests.chatfunc_test" tests="2" failures="0" timestamp="21 Mar 2021 07:46:43 GMT" time="111.683" errors="0">
  <testcase name="sendmsg_createtopic_test" time="69.040" classname="tests.chatfunc_test"/>
  <testcase name="addmember" time="42.643" classname="tests.chatfunc_test"/>
</testsuite> <!-- tests.chatfunc_test -->
