<?xml version="1.0" encoding="UTF-8"?>
<!-- Generated by org.testng.reporters.JUnitReportReporter -->
<testsuite hostname="Sohel-MLBDs-MacBook-Pro.local" name="tests.creategroupchat_test" tests="1" failures="0" timestamp="21 Mar 2021 06:41:40 GMT" time="75.951" errors="0">
  <testcase name="Login_test" time="75.951" classname="tests.creategroupchat_test"/>
</testsuite> <!-- tests.creategroupchat_test -->
