<?xml version="1.0" encoding="UTF-8"?>
<!-- Generated by org.testng.reporters.JUnitReportReporter -->
<testsuite hostname="Sohel-MLBDs-MacBook-Pro.local" name="tests.chatfunc_test" tests="3" failures="0" timestamp="20 Mar 2021 19:16:08 GMT" time="73.690" errors="0">
  <testcase name="createtopic_test" time="25.197" classname="tests.chatfunc_test"/>
  <testcase name="sendmessage_test" time="25.195" classname="tests.chatfunc_test"/>
  <testcase name="logout_test" time="23.298" classname="tests.chatfunc_test"/>
</testsuite> <!-- tests.chatfunc_test -->
