<?xml version="1.0" encoding="UTF-8"?>
<!-- Generated by org.testng.reporters.JUnitReportReporter -->
<testsuite hostname="Sohel-MLBDs-MacBook-Pro.local" name="tests.addnewmember_test" tests="1" failures="0" timestamp="20 Mar 2021 19:16:13 GMT" time="46.652" errors="0">
  <testcase name="addmember" time="46.652" classname="tests.addnewmember_test"/>
</testsuite> <!-- tests.addnewmember_test -->
