<?xml version="1.0" encoding="UTF-8"?>
<!-- Generated by org.testng.reporters.JUnitReportReporter -->
<testsuite hostname="Sohel-MLBDs-MacBook-Pro.local" name="tests.login_test" tests="1" failures="0" timestamp="20 Mar 2021 08:29:16 GMT" time="31.155" errors="0">
  <testcase name="SearchSara" time="31.155" classname="tests.login_test"/>
</testsuite> <!-- tests.login_test -->
