<?xml version="1.0" encoding="UTF-8"?>
<!-- Generated by org.testng.reporters.JUnitReportReporter -->
<testsuite hostname="Sohel-MLBDs-MacBook-Pro.local" name="tests.creategroupchat_test" tests="2" failures="0" timestamp="21 Mar 2021 03:01:09 GMT" time="78.958" errors="0">
  <testcase name="Login_test" time="37.813" classname="tests.creategroupchat_test"/>
  <testcase name="groupchatCreate_test" time="41.145" classname="tests.creategroupchat_test"/>
</testsuite> <!-- tests.creategroupchat_test -->
