<?xml version="1.0" encoding="UTF-8"?>
<!-- Generated by org.testng.reporters.JUnitReportReporter -->
<testsuite hostname="Sohel-MLBDs-MacBook-Pro.local" name="tests.chatfunc_test" tests="3" failures="0" timestamp="21 Mar 2021 01:48:50 GMT" time="77.285" errors="0">
  <testcase name="createtopic_test" time="27.752" classname="tests.chatfunc_test"/>
  <testcase name="sendmessage_test" time="25.772" classname="tests.chatfunc_test"/>
  <testcase name="logout_test" time="23.761" classname="tests.chatfunc_test"/>
</testsuite> <!-- tests.chatfunc_test -->
