<?xml version="1.0" encoding="UTF-8"?>
<!-- Generated by org.testng.reporters.JUnitReportReporter -->
<testsuite hostname="Sohel-MLBDs-MacBook-Pro.local" name="tests.chatfunc_test" tests="1" failures="0" timestamp="21 Mar 2021 06:41:30 GMT" time="68.059" errors="0">
  <testcase name="sendmsg_createtopic_test" time="68.059" classname="tests.chatfunc_test"/>
</testsuite> <!-- tests.chatfunc_test -->
