<?xml version="1.0" encoding="UTF-8"?>
<!-- Generated by org.testng.reporters.JUnitReportReporter -->
<testsuite hostname="Sohel-MLBDs-MacBook-Pro.local" name="tests.creategroupchat_test" tests="3" failures="0" timestamp="20 Mar 2021 19:16:18 GMT" time="79.775" errors="0">
  <testcase name="Login_test" time="27.999" classname="tests.creategroupchat_test"/>
  <testcase name="Tutorial" time="12.879" classname="tests.creategroupchat_test"/>
  <testcase name="groupchatCreate_test" time="38.897" classname="tests.creategroupchat_test"/>
</testsuite> <!-- tests.creategroupchat_test -->
